#
# There is insufficient memory for the Java Runtime Environment to continue.
# Native memory allocation (mmap) failed to map 532676608 bytes. Error detail: G1 virtual space
# Possible reasons:
#   The system is out of physical RAM or swap space
#   This process is running with CompressedOops enabled, and the Java Heap may be blocking the growth of the native heap
# Possible solutions:
#   Reduce memory load on the system
#   Increase physical memory or swap space
#   Check if swap backing store is full
#   Decrease Java heap size (-Xmx/-Xms)
#   Decrease number of Java threads
#   Decrease Java thread stack sizes (-Xss)
#   Set larger code cache with -XX:ReservedCodeCacheSize=
#   JVM is running with Zero Based Compressed Oops mode in which the Java heap is
#     placed in the first 32GB address space. The Java Heap base address is the
#     maximum limit for the native heap growth. Please use -XX:HeapBaseMinAddress
#     to set the Java Heap base and to place the Java Heap above 32GB virtual address.
# This output file may be truncated or incomplete.
#
#  Out of Memory Error (os_windows.cpp:3828), pid=37708, tid=13636
#
# JRE version:  (21.0.5) (build )
# Java VM: OpenJDK 64-Bit Server VM (21.0.5+-13047016-b750.29, mixed mode, sharing, tiered, compressed oops, compressed class ptrs, g1 gc, windows-amd64)
# No core dump will be written. Minidumps are not enabled by default on client versions of Windows
#

---------------  S U M M A R Y ------------

Command Line: org.jetbrains.kotlin.cli.jvm.K2JVMCompiler @D:\Github\WithinRange\app\build\20250510_1921746042551145066.compiler.options

Host: 12th Gen Intel(R) Core(TM) i7-12700K, 20 cores, 31G,  Windows 11 , 64 bit Build 26100 (10.0.26100.3912)
Time: Sat May 10 20:02:32 2025 SE Asia Standard Time elapsed time: 0.010998 seconds (0d 0h 0m 0s)

---------------  T H R E A D  ---------------

Current thread (0x00000236e1eff4f0):  JavaThread "Unknown thread" [_thread_in_vm, id=13636, stack(0x0000007f7c100000,0x0000007f7c200000) (1024K)]

Stack: [0x0000007f7c100000,0x0000007f7c200000]
Native frames: (J=compiled Java code, j=interpreted, Vv=VM code, C=native code)
V  [jvm.dll+0x6cfb29]
V  [jvm.dll+0x85df93]
V  [jvm.dll+0x8604ee]
V  [jvm.dll+0x860bd3]
V  [jvm.dll+0x27e6b6]
V  [jvm.dll+0x6cc385]
V  [jvm.dll+0x6c078a]
V  [jvm.dll+0x35525b]
V  [jvm.dll+0x35ceb6]
V  [jvm.dll+0x3aedd6]
V  [jvm.dll+0x3af0a8]
V  [jvm.dll+0x32792c]
V  [jvm.dll+0x32861b]
V  [jvm.dll+0x8259d9]
V  [jvm.dll+0x3bbfa8]
V  [jvm.dll+0x80ec88]
V  [jvm.dll+0x45015e]
V  [jvm.dll+0x4518c1]
C  [jli.dll+0x52ab]
C  [ucrtbase.dll+0x37b0]
C  [KERNEL32.DLL+0x2e8d7]
C  [ntdll.dll+0x9c5dc]


---------------  P R O C E S S  ---------------

Threads class SMR info:
_java_thread_list=0x00007ffad69b0808, length=0, elements={
}

Java Threads: ( => current thread )
Total: 0

Other Threads:
  0x00000236e1fa1b20 WorkerThread "GC Thread#0"                     [id=30476, stack(0x0000007f7c200000,0x0000007f7c300000) (1024K)]
  0x00000236e1fb2bd0 ConcurrentGCThread "G1 Main Marker"            [id=29080, stack(0x0000007f7c300000,0x0000007f7c400000) (1024K)]
  0x00000236e1fb50f0 WorkerThread "G1 Conc#0"                       [id=17332, stack(0x0000007f7c400000,0x0000007f7c500000) (1024K)]

[error occurred during error reporting (printing all threads), id 0xc0000005, EXCEPTION_ACCESS_VIOLATION (0xc0000005) at pc=0x00007ffad61aa967]
VM state: not at safepoint (not fully initialized)

VM Mutex/Monitor currently owned by a thread:  ([mutex/lock_event])
[0x00007ffad6a1d460] Heap_lock - owner thread: 0x00000236e1eff4f0

Heap address: 0x0000000604000000, size: 8128 MB, Compressed Oops mode: Zero based, Oop shift amount: 3

CDS archive(s) mapped at: [0x0000000000000000-0x0000000000000000-0x0000000000000000), size 0, SharedBaseAddress: 0x0000000800000000, ArchiveRelocationMode: 1.
Narrow klass base: 0x0000000000000000, Narrow klass shift: 0, Narrow klass range: 0x0

GC Precious Log:
 CardTable entry size: 512
 Card Set container configuration: InlinePtr #cards 4 size 8 Array Of Cards #cards 32 size 80 Howl #buckets 8 coarsen threshold 7372 Howl Bitmap #cards 1024 size 144 coarsen threshold 921 Card regions per heap region 1 cards per card region 8192

Heap:
 garbage-first heap   total 0K, used 0K [0x0000000604000000, 0x0000000800000000)
  region size 4096K, 0 young (0K), 0 survivors (0K)
 Metaspace       used 0K, committed 0K, reserved 0K
  class space    used 0K, committed 0K, reserved 0K

Heap Regions: E=young(eden), S=young(survivor), O=old, HS=humongous(starts), HC=humongous(continues), CS=collection set, F=free, TAMS=top-at-mark-start, PB=parsable bottom

Card table byte_map: [0x00000236f5ad0000,0x00000236f6ab0000] _byte_map_base: 0x00000236f2ab0000

Marking Bits: (CMBitMap*) 0x00000236e1fa2220
 Bits: [0x00000236f6ab0000, 0x00000236fe9b0000)

GC Heap History (0 events):
No events

Dll operation events (1 events):
Event: 0.007 Loaded shared library C:\Program Files\Android\Android Studio\jbr\bin\java.dll

Deoptimization events (0 events):
No events

Classes loaded (0 events):
No events

Classes unloaded (0 events):
No events

Classes redefined (0 events):
No events

Internal exceptions (0 events):
No events

ZGC Phase Switch (0 events):
No events

VM Operations (0 events):
No events

Memory protections (0 events):
No events

Nmethod flushes (0 events):
No events

Events (0 events):
No events


Dynamic libraries:
0x00007ff7e2260000 - 0x00007ff7e226a000 	C:\Program Files\Android\Android Studio\jbr\bin\java.exe
0x00007ffb7fce0000 - 0x00007ffb7ff46000 	C:\WINDOWS\SYSTEM32\ntdll.dll
0x00007ffb7ecf0000 - 0x00007ffb7edb9000 	C:\WINDOWS\System32\KERNEL32.DLL
0x00007ffb7d420000 - 0x00007ffb7d7ec000 	C:\WINDOWS\System32\KERNELBASE.dll
0x00007ffb7d8b0000 - 0x00007ffb7d9fb000 	C:\WINDOWS\System32\ucrtbase.dll
0x00007ffb514e0000 - 0x00007ffb514f8000 	C:\Program Files\Android\Android Studio\jbr\bin\jli.dll
0x00007ffb762d0000 - 0x00007ffb762eb000 	C:\Program Files\Android\Android Studio\jbr\bin\VCRUNTIME140.dll
0x00007ffb7df80000 - 0x00007ffb7e14a000 	C:\WINDOWS\System32\USER32.dll
0x00007ffb61b80000 - 0x00007ffb61e1a000 	C:\WINDOWS\WinSxS\amd64_microsoft.windows.common-controls_6595b64144ccf1df_6.0.26100.3912_none_3e07963ce335137e\COMCTL32.dll
0x00007ffb7d0a0000 - 0x00007ffb7d0c7000 	C:\WINDOWS\System32\win32u.dll
0x00007ffb7edd0000 - 0x00007ffb7ee79000 	C:\WINDOWS\System32\msvcrt.dll
0x00007ffb7daa0000 - 0x00007ffb7dacb000 	C:\WINDOWS\System32\GDI32.dll
0x00007ffb7d0d0000 - 0x00007ffb7d202000 	C:\WINDOWS\System32\gdi32full.dll
0x00007ffb7ce70000 - 0x00007ffb7cf13000 	C:\WINDOWS\System32\msvcp_win.dll
0x00007ffb7f900000 - 0x00007ffb7f930000 	C:\WINDOWS\System32\IMM32.DLL
0x00007ffb79d40000 - 0x00007ffb79d4c000 	C:\Program Files\Android\Android Studio\jbr\bin\vcruntime140_1.dll
0x00007ffb47840000 - 0x00007ffb478cd000 	C:\Program Files\Android\Android Studio\jbr\bin\msvcp140.dll
0x00007ffad5e70000 - 0x00007ffad6afa000 	C:\Program Files\Android\Android Studio\jbr\bin\server\jvm.dll
0x00007ffb7f9b0000 - 0x00007ffb7fa62000 	C:\WINDOWS\System32\ADVAPI32.dll
0x00007ffb7dde0000 - 0x00007ffb7de86000 	C:\WINDOWS\System32\sechost.dll
0x00007ffb7dad0000 - 0x00007ffb7dbe6000 	C:\WINDOWS\System32\RPCRT4.dll
0x00007ffb7fac0000 - 0x00007ffb7fb34000 	C:\WINDOWS\System32\WS2_32.dll
0x00007ffb7ba60000 - 0x00007ffb7babe000 	C:\WINDOWS\SYSTEM32\POWRPROF.dll
0x00007ffb73460000 - 0x00007ffb7346b000 	C:\WINDOWS\SYSTEM32\VERSION.dll
0x00007ffb6c910000 - 0x00007ffb6c946000 	C:\WINDOWS\SYSTEM32\WINMM.dll
0x00007ffb7ba40000 - 0x00007ffb7ba54000 	C:\WINDOWS\SYSTEM32\UMPDC.dll
0x00007ffb7bd20000 - 0x00007ffb7bd3a000 	C:\WINDOWS\SYSTEM32\kernel.appcore.dll
0x00007ffb762c0000 - 0x00007ffb762ca000 	C:\Program Files\Android\Android Studio\jbr\bin\jimage.dll
0x00007ffb73030000 - 0x00007ffb73271000 	C:\WINDOWS\SYSTEM32\DBGHELP.DLL
0x00007ffb7f030000 - 0x00007ffb7f3b4000 	C:\WINDOWS\System32\combase.dll
0x00007ffb7de90000 - 0x00007ffb7df70000 	C:\WINDOWS\System32\OLEAUT32.dll
0x00007ffb60d90000 - 0x00007ffb60dc9000 	C:\WINDOWS\SYSTEM32\dbgcore.DLL
0x00007ffb7da00000 - 0x00007ffb7da99000 	C:\WINDOWS\System32\bcryptPrimitives.dll
0x00007ffb748d0000 - 0x00007ffb748f0000 	C:\Program Files\Android\Android Studio\jbr\bin\java.dll

dbghelp: loaded successfully - version: 4.0.5 - missing functions: none
symbol engine: initialized successfully - sym options: 0x614 - pdb path: .;C:\Program Files\Android\Android Studio\jbr\bin;C:\WINDOWS\SYSTEM32;C:\WINDOWS\WinSxS\amd64_microsoft.windows.common-controls_6595b64144ccf1df_6.0.26100.3912_none_3e07963ce335137e;C:\Program Files\Android\Android Studio\jbr\bin\server

VM Arguments:
java_command: org.jetbrains.kotlin.cli.jvm.K2JVMCompiler @D:\Github\WithinRange\app\build\20250510_1921746042551145066.compiler.options
java_class_path (initial): C:\Users\aumna\.gradle\caches\modules-2\files-2.1\org.jetbrains.kotlin\kotlin-compiler-embeddable\2.0.0\1de310de3446414381282ffc46c3ed3919a4d1da\kotlin-compiler-embeddable-2.0.0.jar;C:\Users\aumna\.gradle\caches\modules-2\files-2.1\org.jetbrains.kotlin\kotlin-stdlib\2.0.0\b48df2c4aede9586cc931ead433bc02d6fd7879e\kotlin-stdlib-2.0.0.jar;C:\Users\aumna\.gradle\caches\modules-2\files-2.1\org.jetbrains.kotlin\kotlin-script-runtime\2.0.0\fdc27dd047d592fa41d2dfa21e7621287a361612\kotlin-script-runtime-2.0.0.jar;C:\Users\aumna\.gradle\caches\modules-2\files-2.1\org.jetbrains.kotlin\kotlin-reflect\1.6.10\1cbe9c92c12a94eea200d23c2bbaedaf3daf5132\kotlin-reflect-1.6.10.jar;C:\Users\aumna\.gradle\caches\modules-2\files-2.1\org.jetbrains.kotlin\kotlin-daemon-embeddable\2.0.0\b39c612768614c4428c96ee9c65477181fffe9d\kotlin-daemon-embeddable-2.0.0.jar;C:\Users\aumna\.gradle\caches\modules-2\files-2.1\org.jetbrains.intellij.deps\trove4j\1.0.20200330\3afb14d5f9ceb459d724e907a21145e8ff394f02\trove4j-1.0.20200330.jar;C:\Users\aumna\.gradle\caches\modules-2\files-2.1\org.jetbrains\annotations\13.0\919f0dfe192fb4e063e7dacadee7f8bb9a2672a9\annotations-13.0.jar
Launcher Type: SUN_STANDARD

[Global flags]
     intx CICompilerCount                          = 12                                        {product} {ergonomic}
     uint ConcGCThreads                            = 4                                         {product} {ergonomic}
     uint G1ConcRefinementThreads                  = 15                                        {product} {ergonomic}
   size_t G1HeapRegionSize                         = 4194304                                   {product} {ergonomic}
    uintx GCDrainStackTargetSize                   = 64                                        {product} {ergonomic}
   size_t InitialHeapSize                          = 532676608                                 {product} {ergonomic}
   size_t MarkStackSize                            = 4194304                                   {product} {ergonomic}
   size_t MaxHeapSize                              = 8522825728                                {product} {ergonomic}
   size_t MinHeapDeltaBytes                        = 4194304                                   {product} {ergonomic}
   size_t MinHeapSize                              = 8388608                                   {product} {ergonomic}
    uintx NonNMethodCodeHeapSize                   = 7602480                                {pd product} {ergonomic}
    uintx NonProfiledCodeHeapSize                  = 122027880                              {pd product} {ergonomic}
    uintx ProfiledCodeHeapSize                     = 122027880                              {pd product} {ergonomic}
    uintx ReservedCodeCacheSize                    = 251658240                              {pd product} {ergonomic}
     bool SegmentedCodeCache                       = true                                      {product} {ergonomic}
   size_t SoftMaxHeapSize                          = 8522825728                             {manageable} {ergonomic}
     bool UseCompressedOops                        = true                           {product lp64_product} {ergonomic}
     bool UseG1GC                                  = true                                      {product} {ergonomic}
     bool UseLargePagesIndividualAllocation        = false                                  {pd product} {ergonomic}

Logging:
Log output configuration:
 #0: stdout all=warning uptime,level,tags foldmultilines=false
 #1: stderr all=off uptime,level,tags foldmultilines=false

Environment Variables:
PATH=C:\Program Files\NVIDIA GPU Computing Toolkit\CUDA\v11.8\bin;C:\Program Files\NVIDIA GPU Computing Toolkit\CUDA\v11.8\libnvvp;C:\Program Files (x86)\Common Files\Intel\Shared Libraries\redist\intel64\compiler;C:\Windows\system32;C:\Windows;C:\Windows\System32\Wbem;C:\Windows\System32\WindowsPowerShell\v1.0\;C:\Windows\System32\OpenSSH\;C:\Program Files\dotnet\;C:\WINDOWS\system32;C:\WINDOWS;C:\WINDOWS\System32\Wbem;C:\WINDOWS\System32\WindowsPowerShell\v1.0\;C:\WINDOWS\System32\OpenSSH\;C:\Program Files\CMake\bin;C:\Program Files\Microsoft SQL Server\Client SDK\ODBC\170\Tools\Binn\;C:\Program Files\Microsoft SQL Server\150\Tools\Binn\;C:\Program Files (x86)\Windows Kits\10\Windows Performance Toolkit\;C:\Program Files\Docker\Docker\resources\bin;C:\ProgramData\chocolatey\bin;C:\Program Files\Git\cmd;C:\Program Files\Git LFS;C:\Strawberry\c\bin;C:\Strawberry\perl\site\bin;C:\Strawberry\perl\bin;C:\Program Files\nodejs\;C:\Program Files\NVIDIA Corporation\NVIDIA app\NvDLISR;C:\Program Files (x86)\NVIDIA Corporation\PhysX\Common;C:\Program Files\Go\bin;C:\Program Files\NVIDIA Corporation\Nsight Compute 2022.3.0\;C:\Program Files\NVIDIA Corporation\NVIDIA NvDLISR;C:\Users\aumna\AppData\Local\Programs\Python\Python311\Scripts\;C:\Users\aumna\AppData\Local\Programs\Python\Python311\;C:\Users\aumna\AppData\Local\Programs\MiKTeX\miktex\bin\x64\;C:\texlive\2024\bin\windows;C:\Users\aumna\AppData\Local\Microsoft\WindowsApps;C:\Users\aumna\AppData\Local\GitHubDesktop\bin;C:\Users\aumna\AppData\Local\JetBrains\Toolbox\scripts;C:\Users\aumna\AppData\Local\Programs\Microsoft VS Code\bin;C:\Users\aumna\AppData\Local\Microsoft\WindowsApps;C:\Users\aumna\.dotnet\tools;C:\cygwin\bin;C:\Program Files\Graphviz\bin\;C:\Users\aumna\AppData\Local\Programs\Python\Python37\Scripts\;C:\Users\aumna\AppData\Local\Programs\Python\Python37\;C:\Users\aumna\AppData\Local\Microsoft\WinGet\Links;C:\Users\aumna\AppData\Roaming\npm;C:\Users\aumna\go\bin;C:\Users\aumna\AppData\Local\Programs\cursor\resources\app\bin
USERNAME=aumna
OS=Windows_NT
PROCESSOR_IDENTIFIER=Intel64 Family 6 Model 151 Stepping 2, GenuineIntel
TMP=C:\Users\aumna\AppData\Local\Temp
TEMP=C:\Users\aumna\AppData\Local\Temp




Periodic native trim disabled

JNI global refs:
JNI global refs: 0, weak refs: 0

JNI global refs memory usage: 0, weak refs: 0

Process memory usage:
Resident Set Size: 13216K (0% of 33283520K total physical memory with 8691900K free physical memory)

OOME stack traces (most recent first):
Classloader memory used:

---------------  S Y S T E M  ---------------

OS:
 Windows 11 , 64 bit Build 26100 (10.0.26100.3912)
OS uptime: 0 days 2:55 hours
Hyper-V role detected

CPU: total 20 (initial active 20) (10 cores per cpu, 2 threads per core) family 6 model 151 stepping 2 microcode 0x13, cx8, cmov, fxsr, ht, mmx, 3dnowpref, sse, sse2, sse3, ssse3, sse4.1, sse4.2, popcnt, lzcnt, tsc, tscinvbit, avx, avx2, aes, erms, clmul, bmi1, bmi2, adx, sha, fma, vzeroupper, clflush, clflushopt, clwb, hv, serialize, rdtscp, rdpid, fsrm, f16c, cet_ibt, cet_ss
Processor Information for processor 0
  Max Mhz: 3610, Current Mhz: 3610, Mhz Limit: 3610
Processor Information for processor 1
  Max Mhz: 3610, Current Mhz: 3610, Mhz Limit: 3610
Processor Information for processor 2
  Max Mhz: 3610, Current Mhz: 3610, Mhz Limit: 3610
Processor Information for processor 3
  Max Mhz: 3610, Current Mhz: 3610, Mhz Limit: 3610
Processor Information for processor 4
  Max Mhz: 3610, Current Mhz: 3610, Mhz Limit: 3610
Processor Information for processor 5
  Max Mhz: 3610, Current Mhz: 3610, Mhz Limit: 3610
Processor Information for processor 6
  Max Mhz: 3610, Current Mhz: 3610, Mhz Limit: 3610
Processor Information for processor 7
  Max Mhz: 3610, Current Mhz: 3610, Mhz Limit: 3610
Processor Information for processor 8
  Max Mhz: 3610, Current Mhz: 3610, Mhz Limit: 3610
Processor Information for processor 9
  Max Mhz: 3610, Current Mhz: 3610, Mhz Limit: 3610
Processor Information for processor 10
  Max Mhz: 3610, Current Mhz: 3610, Mhz Limit: 3610
Processor Information for processor 11
  Max Mhz: 3610, Current Mhz: 3610, Mhz Limit: 3610
Processor Information for processor 12
  Max Mhz: 3610, Current Mhz: 3610, Mhz Limit: 3610
Processor Information for processor 13
  Max Mhz: 3610, Current Mhz: 3610, Mhz Limit: 3610
Processor Information for processor 14
  Max Mhz: 3610, Current Mhz: 3610, Mhz Limit: 3610
Processor Information for processor 15
  Max Mhz: 3610, Current Mhz: 3610, Mhz Limit: 3610
Processor Information for processor 16
  Max Mhz: 3610, Current Mhz: 2707, Mhz Limit: 2707
Processor Information for processor 17
  Max Mhz: 3610, Current Mhz: 2707, Mhz Limit: 2707
Processor Information for processor 18
  Max Mhz: 3610, Current Mhz: 2707, Mhz Limit: 2707
Processor Information for processor 19
  Max Mhz: 3610, Current Mhz: 2707, Mhz Limit: 2707

Memory: 4k page, system-wide physical 32503M (8488M free)
TotalPageFile size 34493M (AvailPageFile size 291M)
current process WorkingSet (physical memory assigned to process): 12M, peak: 12M
current process commit charge ("private bytes"): 75M, peak: 583M

vm_info: OpenJDK 64-Bit Server VM (21.0.5+-13047016-b750.29) for windows-amd64 JRE (21.0.5+-13047016-b750.29), built on 2025-02-11T21:12:39Z by "builder" with MS VC++ 16.10 / 16.11 (VS2019)

END.
